This is pdfTeX, Version 3.14159265-2.6-1.40.17 (TeX Live 2016/Debian) (preloaded format=pdflatex 2020.1.25)  3 MAY 2020 15:04
entering extended mode
 restricted \write18 enabled.
 %&-line parsing enabled.
**Final_Report_41.tex
(./Final_Report_41.tex
LaTeX2e <2017/01/01> patch level 3
Babel <3.9r> and hyphenation patterns for 3 language(s) loaded.
(/usr/share/texlive/texmf-dist/tex/latex/base/article.cls
Document Class: article 2014/09/29 v1.4h Standard LaTeX document class
(/usr/share/texlive/texmf-dist/tex/latex/base/size12.clo
File: size12.clo 2014/09/29 v1.4h Standard LaTeX file (size option)
)
\c@part=\count79
\c@section=\count80
\c@subsection=\count81
\c@subsubsection=\count82
\c@paragraph=\count83
\c@subparagraph=\count84
\c@figure=\count85
\c@table=\count86
\abovecaptionskip=\skip41
\belowcaptionskip=\skip42
\bibindent=\dimen102
)
(/usr/share/texlive/texmf-dist/tex/latex/graphics/graphicx.sty
Package: graphicx 2014/10/28 v1.0g Enhanced LaTeX Graphics (DPC,SPQR)

(/usr/share/texlive/texmf-dist/tex/latex/graphics/keyval.sty
Package: keyval 2014/10/28 v1.15 key=value parser (DPC)
\KV@toks@=\toks14
)
(/usr/share/texlive/texmf-dist/tex/latex/graphics/graphics.sty
Package: graphics 2016/10/09 v1.0u Standard LaTeX Graphics (DPC,SPQR)

(/usr/share/texlive/texmf-dist/tex/latex/graphics/trig.sty
Package: trig 2016/01/03 v1.10 sin cos tan (DPC)
)
(/usr/share/texlive/texmf-dist/tex/latex/graphics-cfg/graphics.cfg
File: graphics.cfg 2016/06/04 v1.11 sample graphics configuration
)
Package graphics Info: Driver file: pdftex.def on input line 99.

(/usr/share/texlive/texmf-dist/tex/latex/graphics-def/pdftex.def
File: pdftex.def 2017/01/12 v0.06k Graphics/color for pdfTeX

(/usr/share/texlive/texmf-dist/tex/generic/oberdiek/infwarerr.sty
Package: infwarerr 2016/05/16 v1.4 Providing info/warning/error messages (HO)
)
(/usr/share/texlive/texmf-dist/tex/generic/oberdiek/ltxcmds.sty
Package: ltxcmds 2016/05/16 v1.23 LaTeX kernel commands for general use (HO)
)
\Gread@gobject=\count87
))
\Gin@req@height=\dimen103
\Gin@req@width=\dimen104
)
(/usr/share/texlive/texmf-dist/tex/latex/caption/caption.sty
Package: caption 2016/02/21 v3.3-144 Customizing captions (AR)

(/usr/share/texlive/texmf-dist/tex/latex/caption/caption3.sty
Package: caption3 2016/05/22 v1.7-166 caption3 kernel (AR)
Package caption3 Info: TeX engine: e-TeX on input line 67.
\captionmargin=\dimen105
\captionmargin@=\dimen106
\captionwidth=\dimen107
\caption@tempdima=\dimen108
\caption@indent=\dimen109
\caption@parindent=\dimen110
\caption@hangindent=\dimen111
)
\c@ContinuedFloat=\count88
)
(./Final_Report_41.aux

LaTeX Warning: Label `scoringimpact' multiply defined.

)
\openout1 = `Final_Report_41.aux'.

LaTeX Font Info:    Checking defaults for OML/cmm/m/it on input line 6.
LaTeX Font Info:    ... okay on input line 6.
LaTeX Font Info:    Checking defaults for T1/cmr/m/n on input line 6.
LaTeX Font Info:    ... okay on input line 6.
LaTeX Font Info:    Checking defaults for OT1/cmr/m/n on input line 6.
LaTeX Font Info:    ... okay on input line 6.
LaTeX Font Info:    Checking defaults for OMS/cmsy/m/n on input line 6.
LaTeX Font Info:    ... okay on input line 6.
LaTeX Font Info:    Checking defaults for OMX/cmex/m/n on input line 6.
LaTeX Font Info:    ... okay on input line 6.
LaTeX Font Info:    Checking defaults for U/cmr/m/n on input line 6.
LaTeX Font Info:    ... okay on input line 6.
 (/usr/share/texlive/texmf-dist/tex/context/base/mkii/supp-pdf.mkii
[Loading MPS to PDF converter (version 2006.09.02).]
\scratchcounter=\count89
\scratchdimen=\dimen112
\scratchbox=\box26
\nofMPsegments=\count90
\nofMParguments=\count91
\everyMPshowfont=\toks15
\MPscratchCnt=\count92
\MPscratchDim=\dimen113
\MPnumerator=\count93
\makeMPintoPDFobject=\count94
\everyMPtoPDFconversion=\toks16
) (/usr/share/texlive/texmf-dist/tex/generic/oberdiek/pdftexcmds.sty
Package: pdftexcmds 2016/05/21 v0.22 Utility functions of pdfTeX for LuaTeX (HO
)

(/usr/share/texlive/texmf-dist/tex/generic/oberdiek/ifluatex.sty
Package: ifluatex 2016/05/16 v1.4 Provides the ifluatex switch (HO)
Package ifluatex Info: LuaTeX not detected.
)
(/usr/share/texlive/texmf-dist/tex/generic/oberdiek/ifpdf.sty
Package: ifpdf 2016/05/14 v3.1 Provides the ifpdf switch
)
Package pdftexcmds Info: LuaTeX not detected.
Package pdftexcmds Info: \pdf@primitive is available.
Package pdftexcmds Info: \pdf@ifprimitive is available.
Package pdftexcmds Info: \pdfdraftmode found.
)
(/usr/share/texlive/texmf-dist/tex/latex/oberdiek/epstopdf-base.sty
Package: epstopdf-base 2016/05/15 v2.6 Base part for package epstopdf

(/usr/share/texlive/texmf-dist/tex/latex/oberdiek/grfext.sty
Package: grfext 2016/05/16 v1.2 Manage graphics extensions (HO)

(/usr/share/texlive/texmf-dist/tex/generic/oberdiek/kvdefinekeys.sty
Package: kvdefinekeys 2016/05/16 v1.4 Define keys (HO)
))
(/usr/share/texlive/texmf-dist/tex/latex/oberdiek/kvoptions.sty
Package: kvoptions 2016/05/16 v3.12 Key value format for package options (HO)

(/usr/share/texlive/texmf-dist/tex/generic/oberdiek/kvsetkeys.sty
Package: kvsetkeys 2016/05/16 v1.17 Key value parser (HO)

(/usr/share/texlive/texmf-dist/tex/generic/oberdiek/etexcmds.sty
Package: etexcmds 2016/05/16 v1.6 Avoid name clashes with e-TeX commands (HO)
Package etexcmds Info: Could not find \expanded.
(etexcmds)             That can mean that you are not using pdfTeX 1.50 or
(etexcmds)             that some package has redefined \expanded.
(etexcmds)             In the latter case, load this package earlier.
)))
Package epstopdf-base Info: Redefining graphics rule for `.eps' on input line 4
38.
Package grfext Info: Graphics extension search list:
(grfext)             [.png,.pdf,.jpg,.mps,.jpeg,.jbig2,.jb2,.PNG,.PDF,.JPG,.JPE
G,.JBIG2,.JB2,.eps]
(grfext)             \AppendGraphicsExtensions on input line 456.

(/usr/share/texlive/texmf-dist/tex/latex/latexconfig/epstopdf-sys.cfg
File: epstopdf-sys.cfg 2010/07/13 v1.3 Configuration of (r)epstopdf for TeX Liv
e
))
Package caption Info: Begin \AtBeginDocument code.
Package caption Info: End \AtBeginDocument code.
LaTeX Font Info:    External font `cmex10' loaded for size
(Font)              <14.4> on input line 29.
LaTeX Font Info:    External font `cmex10' loaded for size
(Font)              <7> on input line 29.

<./images/penaltybox.png, id=1, 1409.265pt x 349.305pt>
File: ./images/penaltybox.png Graphic file (type png)

<use ./images/penaltybox.png>
Package pdftex.def Info: ./images/penaltybox.png used on input line 29.
(pdftex.def)             Requested size: 468.99406pt x 142.2619pt.
Missing character: There is no â in font cmr12!
Missing character: There is no € in font cmr12!
Missing character: There is no ™ in font cmr12!
Missing character: There is no â in font cmr12!
Missing character: There is no € in font cmr12!
Missing character: There is no ™ in font cmr12!

Underfull \hbox (badness 1038) in paragraph at lines 35--42
\OT1/cmr/m/n/12 coaches and play-ers learn what ar-eas to
 []


Underfull \hbox (badness 10000) in paragraph at lines 35--42

 []


Underfull \vbox (badness 3679) has occurred while \output is active []


Underfull \hbox (badness 4341) in paragraph at lines 43--50
\OT1/cmr/m/n/12 space, which would sim-ply amount to
 []


Underfull \hbox (badness 2253) in paragraph at lines 43--50
\OT1/cmr/m/n/12 into 3 pe-ri-ods of twenty min-utes each.
 []


Underfull \hbox (badness 10000) in paragraph at lines 43--50

 []


Underfull \vbox (badness 10000) has occurred while \output is active []

 [1{/var/lib/texmf/fonts/map/pdftex/updmap/pdftex.map}


 <./images/penaltybox.png>]
Missing character: There is no â in font cmr12!
Missing character: There is no € in font cmr12!
Missing character: There is no ™ in font cmr12!

Underfull \hbox (badness 10000) in paragraph at lines 51--57

 []

[2]
Missing character: There is no â in font cmr12!
Missing character: There is no € in font cmr12!
Missing character: There is no “ in font cmr12!

Underfull \hbox (badness 3568) in paragraph at lines 70--81
\OT1/cmr/m/n/12 Kag-gle, com-prised of 3.6 mil-lion plays
 []


Underfull \hbox (badness 1735) in paragraph at lines 70--81
\OT1/cmr/m/n/12 take-aways, give-aways, and missed shots.
 []


Underfull \hbox (badness 2158) in paragraph at lines 70--81
\OT1/cmr/m/n/12 sta-tis-ti-cal mea-sure-ments, orig-i-nally given
 []


Underfull \hbox (badness 10000) in paragraph at lines 70--81

 []

Missing character: There is no â in font cmr12!
Missing character: There is no € in font cmr12!
Missing character: There is no ™ in font cmr12!
LaTeX Font Info:    External font `cmex10' loaded for size
(Font)              <12> on input line 101.
LaTeX Font Info:    External font `cmex10' loaded for size
(Font)              <8> on input line 101.
LaTeX Font Info:    External font `cmex10' loaded for size
(Font)              <6> on input line 101.
<./images/violin.png, id=14, 995.72pt x 709.65125pt>
File: ./images/violin.png Graphic file (type png)
 <use ./images/violin.png>
Package pdftex.def Info: ./images/violin.png used on input line 114.
(pdftex.def)             Requested size: 229.5pt x 163.56285pt.

<./images/joint.png, id=15, 475.7775pt x 818.05624pt>
File: ./images/joint.png Graphic file (type png)
 <use ./images/joint.png>
Package pdftex.def Info: ./images/joint.png used on input line 121.
(pdftex.def)             Requested size: 229.5pt x 394.6098pt.

[3] <./images/period1cm.png, id=19, 489.83pt x 400.49625pt>
File: ./images/period1cm.png Graphic file (type png)

<use ./images/period1cm.png>
Package pdftex.def Info: ./images/period1cm.png used on input line 132.
(pdftex.def)             Requested size: 229.5pt x 187.64049pt.

<./images/period2cm.png, id=20, 476.78125pt x 406.51875pt>
File: ./images/period2cm.png Graphic file (type png)

<use ./images/period2cm.png>
Package pdftex.def Info: ./images/period2cm.png used on input line 139.
(pdftex.def)             Requested size: 229.5pt x 195.67883pt.

<./images/period3cm.png, id=21, 491.8375pt x 398.48875pt>
File: ./images/period3cm.png Graphic file (type png)

<use ./images/period3cm.png>
Package pdftex.def Info: ./images/period3cm.png used on input line 146.
(pdftex.def)             Requested size: 229.5pt x 185.93988pt.

<./images/periodOTcm.png, id=22, 483.8075pt x 400.49625pt>
File: ./images/periodOTcm.png Graphic file (type png)

<use ./images/periodOTcm.png>
Package pdftex.def Info: ./images/periodOTcm.png used on input line 153.
(pdftex.def)             Requested size: 229.5pt x 189.98102pt.

Underfull \vbox (badness 1960) has occurred while \output is active []

 [4 <./images/violin.png> <./images/joint.png>] [5 <./images/period1cm.png> <./
images/period2cm.png> <./images/period3cm.png> <./images/periodOTcm.png>] [6]
Overfull \hbox (42.53682pt too wide) in paragraph at lines 197--197
\OT1/cmtt/m/n/12 https://usatftw.files.wordpress.com/2015/11/ap[]jets[]predator
s[]hockey[]77540060.jpg 
 []

[7


] (./Final_Report_41.aux)

LaTeX Warning: There were multiply-defined labels.

 ) 
Here is how much of TeX's memory you used:
 2620 strings out of 494945
 41818 string characters out of 6181032
 101975 words of memory out of 5000000
 5909 multiletter control sequences out of 15000+600000
 9186 words of font info for 33 fonts, out of 8000000 for 9000
 14 hyphenation exceptions out of 8191
 39i,9n,40p,1349b,279s stack positions out of 5000i,500n,10000p,200000b,80000s
</usr/share/texlive/texmf-dist/fonts/type1/public/amsfonts/cm/cmbx12.pfb></us
r/share/texlive/texmf-dist/fonts/type1/public/amsfonts/cm/cmmi12.pfb></usr/shar
e/texlive/texmf-dist/fonts/type1/public/amsfonts/cm/cmr12.pfb></usr/share/texli
ve/texmf-dist/fonts/type1/public/amsfonts/cm/cmr17.pfb></usr/share/texlive/texm
f-dist/fonts/type1/public/amsfonts/cm/cmsy10.pfb></usr/share/texlive/texmf-dist
/fonts/type1/public/amsfonts/cm/cmti12.pfb></usr/share/texlive/texmf-dist/fonts
/type1/public/amsfonts/cm/cmtt12.pfb>
Output written on Final_Report_41.pdf (7 pages, 1426373 bytes).
PDF statistics:
 63 PDF objects out of 1000 (max. 8388607)
 39 compressed objects within 1 object stream
 0 named destinations out of 1000 (max. 500000)
 36 words of extra memory for PDF output out of 10000 (max. 10000000)

